Determining if the pthread_create exist failed with the following output:
Change Dir: /mnt/A0DADA47DADA18FC/Fran/Universidad/3º/2 Cuatrimestre/TSI/MisPracticas/practica2/build/CMakeFiles/CMakeTmp

Run Build Command:"/usr/bin/make" "cmTC_e657c/fast"
/usr/bin/make -f CMakeFiles/cmTC_e657c.dir/build.make CMakeFiles/cmTC_e657c.dir/build
make[1]: se entra en el directorio '/mnt/A0DADA47DADA18FC/Fran/Universidad/3º/2 Cuatrimestre/TSI/MisPracticas/practica2/build/CMakeFiles/CMakeTmp'
Building C object CMakeFiles/cmTC_e657c.dir/CheckSymbolExists.c.o
/usr/bin/cc     -o CMakeFiles/cmTC_e657c.dir/CheckSymbolExists.c.o   -c "/mnt/A0DADA47DADA18FC/Fran/Universidad/3º/2 Cuatrimestre/TSI/MisPracticas/practica2/build/CMakeFiles/CMakeTmp/CheckSymbolExists.c"
Linking C executable cmTC_e657c
/usr/bin/cmake -E cmake_link_script CMakeFiles/cmTC_e657c.dir/link.txt --verbose=1
/usr/bin/cc       CMakeFiles/cmTC_e657c.dir/CheckSymbolExists.c.o  -o cmTC_e657c -rdynamic 
CMakeFiles/cmTC_e657c.dir/CheckSymbolExists.c.o: En la función `main':
CheckSymbolExists.c:(.text+0x16): referencia a `pthread_create' sin definir
collect2: error: ld returned 1 exit status
CMakeFiles/cmTC_e657c.dir/build.make:97: fallo en las instrucciones para el objetivo 'cmTC_e657c'
make[1]: *** [cmTC_e657c] Error 1
make[1]: se sale del directorio '/mnt/A0DADA47DADA18FC/Fran/Universidad/3º/2 Cuatrimestre/TSI/MisPracticas/practica2/build/CMakeFiles/CMakeTmp'
Makefile:126: fallo en las instrucciones para el objetivo 'cmTC_e657c/fast'
make: *** [cmTC_e657c/fast] Error 2

File /mnt/A0DADA47DADA18FC/Fran/Universidad/3º/2 Cuatrimestre/TSI/MisPracticas/practica2/build/CMakeFiles/CMakeTmp/CheckSymbolExists.c:
/* */
#include <pthread.h>

int main(int argc, char** argv)
{
  (void)argv;
#ifndef pthread_create
  return ((int*)(&pthread_create))[argc];
#else
  (void)argc;
  return 0;
#endif
}

Determining if the function pthread_create exists in the pthreads failed with the following output:
Change Dir: /mnt/A0DADA47DADA18FC/Fran/Universidad/3º/2 Cuatrimestre/TSI/MisPracticas/practica2/build/CMakeFiles/CMakeTmp

Run Build Command:"/usr/bin/make" "cmTC_4fe55/fast"
/usr/bin/make -f CMakeFiles/cmTC_4fe55.dir/build.make CMakeFiles/cmTC_4fe55.dir/build
make[1]: se entra en el directorio '/mnt/A0DADA47DADA18FC/Fran/Universidad/3º/2 Cuatrimestre/TSI/MisPracticas/practica2/build/CMakeFiles/CMakeTmp'
Building C object CMakeFiles/cmTC_4fe55.dir/CheckFunctionExists.c.o
/usr/bin/cc    -DCHECK_FUNCTION_EXISTS=pthread_create   -o CMakeFiles/cmTC_4fe55.dir/CheckFunctionExists.c.o   -c /usr/share/cmake-3.5/Modules/CheckFunctionExists.c
Linking C executable cmTC_4fe55
/usr/bin/cmake -E cmake_link_script CMakeFiles/cmTC_4fe55.dir/link.txt --verbose=1
/usr/bin/cc   -DCHECK_FUNCTION_EXISTS=pthread_create    CMakeFiles/cmTC_4fe55.dir/CheckFunctionExists.c.o  -o cmTC_4fe55 -rdynamic -lpthreads 
/usr/bin/ld: no se puede encontrar -lpthreads
collect2: error: ld returned 1 exit status
CMakeFiles/cmTC_4fe55.dir/build.make:97: fallo en las instrucciones para el objetivo 'cmTC_4fe55'
make[1]: *** [cmTC_4fe55] Error 1
make[1]: se sale del directorio '/mnt/A0DADA47DADA18FC/Fran/Universidad/3º/2 Cuatrimestre/TSI/MisPracticas/practica2/build/CMakeFiles/CMakeTmp'
Makefile:126: fallo en las instrucciones para el objetivo 'cmTC_4fe55/fast'
make: *** [cmTC_4fe55/fast] Error 2


